<?xml version="1.0" encoding="UTF-8"?>
<!-- Generated by org.testng.reporters.JUnitXMLReporter -->
<testsuite hostname="jerry2016" name="Default test" tests="9" failures="0" timestamp="3 May 2017 02:51:15 GMT" time="0.036" errors="0">
  <testcase name="testAvg" time="0.006" classname="org.lvzr.fast.test.testng.AggrCaculatorTest"/>
  <testcase name="testGetRate" time="0.001" classname="org.lvzr.fast.test.testng.AggrCaculatorTest"/>
  <testcase name="testGetRate" time="0.001" classname="org.lvzr.fast.test.testng.AggrCaculatorTest"/>
  <testcase name="testGetRate" time="0.002" classname="org.lvzr.fast.test.testng.AggrCaculatorTest"/>
  <testcase name="testGetRate" time="0.001" classname="org.lvzr.fast.test.testng.AggrCaculatorTest"/>
  <testcase name="testGetRate" time="0.001" classname="org.lvzr.fast.test.testng.AggrCaculatorTest"/>
  <testcase name="testGetRate" time="0.0" classname="org.lvzr.fast.test.testng.AggrCaculatorTest"/>
  <testcase name="testGetRate" time="0.001" classname="org.lvzr.fast.test.testng.AggrCaculatorTest"/>
  <testcase name="testMax" time="0.001" classname="org.lvzr.fast.test.testng.AggrCaculatorTest"/>
</testsuite> <!-- Default test -->
