<?xml version="1.0" encoding="UTF-8"?>
<testng-results skipped="0" failed="0" total="2" passed="2">
  <reporter-output>
  </reporter-output>
  <suite name="Default suite" duration-ms="261" started-at="2017-05-02T04:11:28Z" finished-at="2017-05-02T04:11:28Z">
    <groups>
    </groups>
    <test name="Default test" duration-ms="261" started-at="2017-05-02T04:11:28Z" finished-at="2017-05-02T04:11:28Z">
      <class name="org.lvzr.fast.test.powermock.BactchConvertorTestngTest">
        <test-method status="PASS" signature="before()[pri:0, instance:org.lvzr.fast.test.powermock.BactchConvertorTestngTest_$$_javassist_0@473b46c3]" name="before" is-config="true" duration-ms="93" started-at="2017-05-02T12:11:28Z" finished-at="2017-05-02T12:11:28Z">
          <reporter-output>
          </reporter-output>
        </test-method> <!-- before -->
        <test-method status="PASS" signature="testNormalMock()[pri:0, instance:org.lvzr.fast.test.powermock.BactchConvertorTestngTest_$$_javassist_0@473b46c3]" name="testNormalMock" duration-ms="153" started-at="2017-05-02T12:11:28Z" finished-at="2017-05-02T12:11:28Z">
          <reporter-output>
          </reporter-output>
        </test-method> <!-- testNormalMock -->
        <test-method status="PASS" signature="testStaticMock()[pri:0, instance:org.lvzr.fast.test.powermock.BactchConvertorTestngTest_$$_javassist_0@473b46c3]" name="testStaticMock" duration-ms="6" started-at="2017-05-02T12:11:28Z" finished-at="2017-05-02T12:11:28Z">
          <reporter-output>
          </reporter-output>
        </test-method> <!-- testStaticMock -->
      </class> <!-- org.lvzr.fast.test.powermock.BactchConvertorTestngTest -->
    </test> <!-- Default test -->
  </suite> <!-- Default suite -->
</testng-results>
